<?xml version="1.0" encoding="UTF-8"?>
<!-- Generated by org.testng.reporters.JUnitReportReporter -->
<testsuite hostname="VIVEKs-MBP.lan" failures="0" tests="1" name="testNG.CaptureScreen_Assignment10" time="24.909" errors="0" timestamp="2024-08-23T00:20:04 EDT" skipped="0">
  <testcase classname="testNG.CaptureScreen_Assignment10" name="f" time="24.909"/>
  <system-out/>
</testsuite> <!-- testNG.CaptureScreen_Assignment10 -->
