<?xml version="1.0" encoding="UTF-8"?>
<!-- Generated by org.testng.reporters.JUnitReportReporter -->
<testsuite hostname="VIVEKs-MBP.lan" failures="0" tests="1" name="testNG.FirstTestNG_Assignment" time="22.616" errors="0" timestamp="2024-08-22T08:11:38 EDT" skipped="0">
  <testcase classname="testNG.FirstTestNG_Assignment" name="f" time="22.616"/>
  <system-out/>
</testsuite> <!-- testNG.FirstTestNG_Assignment -->
