<?xml version="1.0" encoding="UTF-8"?>
<!-- Generated by org.testng.reporters.JUnitReportReporter -->
<testsuite hostname="VIVEKs-MBP.lan" failures="0" tests="1" name="auto.Fblogin_testNG" time="25.363" errors="0" timestamp="2024-08-21T07:21:03 EDT" skipped="0">
  <testcase classname="auto.Fblogin_testNG" name="f" time="25.363"/>
  <system-out/>
</testsuite> <!-- auto.Fblogin_testNG -->
