<?xml version="1.0" encoding="UTF-8"?>
<!-- Generated by org.testng.reporters.JUnitReportReporter -->
<testsuite hostname="VIVEKs-MBP.lan" failures="0" tests="3" name="testNG.OrangeHRM_logo_validation" time="7.426" errors="0" timestamp="2024-08-28T00:42:43 EDT" skipped="0">
  <testcase classname="testNG.OrangeHRM_logo_validation" name="openapp" time="4.331"/>
  <system-out/>
  <testcase classname="testNG.OrangeHRM_logo_validation" name="testlogo" time="3.091"/>
  <system-out/>
  <testcase classname="testNG.OrangeHRM_logo_validation" name="login" time="0.004"/>
  <system-out/>
</testsuite> <!-- testNG.OrangeHRM_logo_validation -->
