<?xml version="1.0" encoding="UTF-8"?>
<!-- Generated by org.testng.reporters.JUnitReportReporter -->
<testsuite hostname="VIVEKs-MBP.lan" failures="0" tests="4" name="testNG.TestCaseExecution_Assignment11" time="24.264" errors="0" timestamp="2024-08-28T07:04:46 EDT" skipped="0">
  <testcase classname="testNG.TestCaseExecution_Assignment11" name="TC_01" time="4.166"/>
  <system-out/>
  <testcase classname="testNG.TestCaseExecution_Assignment11" name="TC_04" time="13.452"/>
  <system-out/>
  <testcase classname="testNG.TestCaseExecution_Assignment11" name="TC_02" time="3.213"/>
  <system-out/>
  <testcase classname="testNG.TestCaseExecution_Assignment11" name="TC_03" time="3.433"/>
  <system-out/>
</testsuite> <!-- testNG.TestCaseExecution_Assignment11 -->
