<?xml version="1.0" encoding="UTF-8"?>
<!-- Generated by org.testng.reporters.JUnitReportReporter -->
<testsuite hostname="VIVEKs-MBP.lan" failures="0" tests="3" name="practice.Asgn11" time="14.652" errors="0" timestamp="2024-09-04T07:21:35 EDT" skipped="0">
  <testcase classname="practice.Asgn11" name="tc_01" time="6.016"/>
  <system-out/>
  <testcase classname="practice.Asgn11" name="tc_03" time="4.287"/>
  <system-out/>
  <testcase classname="practice.Asgn11" name="tc_02" time="4.349"/>
  <system-out/>
</testsuite> <!-- practice.Asgn11 -->
